\BOOKMARK [0][-]{chapter.1}{\376\377\000M\000L\000c\000p\000p}{}% 1
\BOOKMARK [0][-]{chapter.2}{\376\377\000H\000i\000e\000r\000a\000r\000c\000h\000i\000c\000a\000l\000\040\000I\000n\000d\000e\000x}{}% 2
\BOOKMARK [1][-]{section.2.1}{\376\377\000C\000l\000a\000s\000s\000\040\000H\000i\000e\000r\000a\000r\000c\000h\000y}{chapter.2}% 3
\BOOKMARK [0][-]{chapter.3}{\376\377\000C\000l\000a\000s\000s\000\040\000I\000n\000d\000e\000x}{}% 4
\BOOKMARK [1][-]{section.3.1}{\376\377\000C\000l\000a\000s\000s\000\040\000L\000i\000s\000t}{chapter.3}% 5
\BOOKMARK [0][-]{chapter.4}{\376\377\000C\000l\000a\000s\000s\000\040\000D\000o\000c\000u\000m\000e\000n\000t\000a\000t\000i\000o\000n}{}% 6
\BOOKMARK [1][-]{section.4.1}{\376\377\000a\000b\000a\000l\000o\000n\000e\000\137\000d\000a\000t\000a\000\040\000S\000t\000r\000u\000c\000t\000\040\000R\000e\000f\000e\000r\000e\000n\000c\000e}{chapter.4}% 7
\BOOKMARK [2][-]{subsection.4.1.1}{\376\377\000D\000e\000t\000a\000i\000l\000e\000d\000\040\000D\000e\000s\000c\000r\000i\000p\000t\000i\000o\000n}{section.4.1}% 8
\BOOKMARK [2][-]{subsection.4.1.2}{\376\377\000M\000e\000m\000b\000e\000r\000\040\000F\000u\000n\000c\000t\000i\000o\000n\000\040\000D\000o\000c\000u\000m\000e\000n\000t\000a\000t\000i\000o\000n}{section.4.1}% 9
\BOOKMARK [3][-]{subsubsection.4.1.2.1}{\376\377\000d\000a\000t\000a\000\137\000i\000n\000f\000o}{subsection.4.1.2}% 10
\BOOKMARK [3][-]{subsubsection.4.1.2.2}{\376\377\000l\000o\000a\000d}{subsection.4.1.2}% 11
\BOOKMARK [1][-]{section.4.2}{\376\377\000b\000p\000n\000e\000t\000\040\000C\000l\000a\000s\000s\000\040\000R\000e\000f\000e\000r\000e\000n\000c\000e}{chapter.4}% 12
\BOOKMARK [2][-]{subsection.4.2.1}{\376\377\000D\000e\000t\000a\000i\000l\000e\000d\000\040\000D\000e\000s\000c\000r\000i\000p\000t\000i\000o\000n}{section.4.2}% 13
\BOOKMARK [2][-]{subsection.4.2.2}{\376\377\000C\000o\000n\000s\000t\000r\000u\000c\000t\000o\000r\000\040\000\046\000\040\000D\000e\000s\000t\000r\000u\000c\000t\000o\000r\000\040\000D\000o\000c\000u\000m\000e\000n\000t\000a\000t\000i\000o\000n}{section.4.2}% 14
\BOOKMARK [3][-]{subsubsection.4.2.2.1}{\376\377\000b\000p\000n\000e\000t}{subsection.4.2.2}% 15
\BOOKMARK [3][-]{subsubsection.4.2.2.2}{\376\377\000b\000p\000n\000e\000t}{subsection.4.2.2}% 16
\BOOKMARK [2][-]{subsection.4.2.3}{\376\377\000M\000e\000m\000b\000e\000r\000\040\000F\000u\000n\000c\000t\000i\000o\000n\000\040\000D\000o\000c\000u\000m\000e\000n\000t\000a\000t\000i\000o\000n}{section.4.2}% 17
\BOOKMARK [3][-]{subsubsection.4.2.3.1}{\376\377\000c\000r\000e\000a\000t\000e}{subsection.4.2.3}% 18
\BOOKMARK [3][-]{subsubsection.4.2.3.2}{\376\377\000g\000e\000t\000\137\000n\000\137\000h\000i\000d\000d\000e\000n\000\137\000l\000a\000y\000e\000r\000s}{subsection.4.2.3}% 19
\BOOKMARK [3][-]{subsubsection.4.2.3.3}{\376\377\000g\000e\000t\000\137\000o\000u\000t\000p\000u\000t}{subsection.4.2.3}% 20
\BOOKMARK [3][-]{subsubsection.4.2.3.4}{\376\377\000p\000r\000o\000p\000a\000g\000a\000t\000e}{subsection.4.2.3}% 21
\BOOKMARK [3][-]{subsubsection.4.2.3.5}{\376\377\000t\000r\000a\000i\000n}{subsection.4.2.3}% 22
\BOOKMARK [3][-]{subsubsection.4.2.3.6}{\376\377\000u\000p\000d\000a\000t\000e}{subsection.4.2.3}% 23
\BOOKMARK [2][-]{subsection.4.2.4}{\376\377\000M\000e\000m\000b\000e\000r\000\040\000D\000a\000t\000a\000\040\000D\000o\000c\000u\000m\000e\000n\000t\000a\000t\000i\000o\000n}{section.4.2}% 24
\BOOKMARK [3][-]{subsubsection.4.2.4.1}{\376\377\000h\000i\000d\000d\000e\000n\000\137\000l\000a\000y\000e\000r\000s}{subsection.4.2.4}% 25
\BOOKMARK [3][-]{subsubsection.4.2.4.2}{\376\377\000i\000n\000p\000u\000t\000\137\000l\000a\000y\000e\000r}{subsection.4.2.4}% 26
\BOOKMARK [3][-]{subsubsection.4.2.4.3}{\376\377\000o\000u\000t\000p\000u\000t\000\137\000l\000a\000y\000e\000r}{subsection.4.2.4}% 27
\BOOKMARK [1][-]{section.4.3}{\376\377\000b\000p\000n\000e\000t\000\137\000C\000r\000o\000s\000s\000E\000n\000t\000r\000o\000p\000y\000\137\000s\000o\000f\000t\000m\000a\000x\000\040\000C\000l\000a\000s\000s\000\040\000R\000e\000f\000e\000r\000e\000n\000c\000e}{chapter.4}% 28
\BOOKMARK [2][-]{subsection.4.3.1}{\376\377\000D\000e\000t\000a\000i\000l\000e\000d\000\040\000D\000e\000s\000c\000r\000i\000p\000t\000i\000o\000n}{section.4.3}% 29
\BOOKMARK [2][-]{subsection.4.3.2}{\376\377\000C\000o\000n\000s\000t\000r\000u\000c\000t\000o\000r\000\040\000\046\000\040\000D\000e\000s\000t\000r\000u\000c\000t\000o\000r\000\040\000D\000o\000c\000u\000m\000e\000n\000t\000a\000t\000i\000o\000n}{section.4.3}% 30
\BOOKMARK [3][-]{subsubsection.4.3.2.1}{\376\377\000b\000p\000n\000e\000t\000\137\000C\000r\000o\000s\000s\000E\000n\000t\000r\000o\000p\000y\000\137\000s\000o\000f\000t\000m\000a\000x}{subsection.4.3.2}% 31
\BOOKMARK [3][-]{subsubsection.4.3.2.2}{\376\377\000b\000p\000n\000e\000t\000\137\000C\000r\000o\000s\000s\000E\000n\000t\000r\000o\000p\000y\000\137\000s\000o\000f\000t\000m\000a\000x}{subsection.4.3.2}% 32
\BOOKMARK [2][-]{subsection.4.3.3}{\376\377\000M\000e\000m\000b\000e\000r\000\040\000F\000u\000n\000c\000t\000i\000o\000n\000\040\000D\000o\000c\000u\000m\000e\000n\000t\000a\000t\000i\000o\000n}{section.4.3}% 33
\BOOKMARK [3][-]{subsubsection.4.3.3.1}{\376\377\000c\000r\000e\000a\000t\000e}{subsection.4.3.3}% 34
\BOOKMARK [3][-]{subsubsection.4.3.3.2}{\376\377\000g\000e\000t\000\137\000n\000\137\000h\000i\000d\000d\000e\000n\000\137\000l\000a\000y\000e\000r\000s}{subsection.4.3.3}% 35
\BOOKMARK [3][-]{subsubsection.4.3.3.3}{\376\377\000g\000e\000t\000\137\000o\000u\000t\000p\000u\000t}{subsection.4.3.3}% 36
\BOOKMARK [3][-]{subsubsection.4.3.3.4}{\376\377\000p\000r\000o\000p\000a\000g\000a\000t\000e}{subsection.4.3.3}% 37
\BOOKMARK [3][-]{subsubsection.4.3.3.5}{\376\377\000t\000r\000a\000i\000n}{subsection.4.3.3}% 38
\BOOKMARK [3][-]{subsubsection.4.3.3.6}{\376\377\000u\000p\000d\000a\000t\000e}{subsection.4.3.3}% 39
\BOOKMARK [1][-]{section.4.4}{\376\377\000b\000p\000n\000e\000t\000\137\000M\000S\000E\000\137\000s\000i\000g\000m\000o\000i\000d\000\040\000C\000l\000a\000s\000s\000\040\000R\000e\000f\000e\000r\000e\000n\000c\000e}{chapter.4}% 40
\BOOKMARK [2][-]{subsection.4.4.1}{\376\377\000D\000e\000t\000a\000i\000l\000e\000d\000\040\000D\000e\000s\000c\000r\000i\000p\000t\000i\000o\000n}{section.4.4}% 41
\BOOKMARK [2][-]{subsection.4.4.2}{\376\377\000C\000o\000n\000s\000t\000r\000u\000c\000t\000o\000r\000\040\000\046\000\040\000D\000e\000s\000t\000r\000u\000c\000t\000o\000r\000\040\000D\000o\000c\000u\000m\000e\000n\000t\000a\000t\000i\000o\000n}{section.4.4}% 42
\BOOKMARK [3][-]{subsubsection.4.4.2.1}{\376\377\000b\000p\000n\000e\000t\000\137\000M\000S\000E\000\137\000s\000i\000g\000m\000o\000i\000d}{subsection.4.4.2}% 43
\BOOKMARK [3][-]{subsubsection.4.4.2.2}{\376\377\000b\000p\000n\000e\000t\000\137\000M\000S\000E\000\137\000s\000i\000g\000m\000o\000i\000d}{subsection.4.4.2}% 44
\BOOKMARK [2][-]{subsection.4.4.3}{\376\377\000M\000e\000m\000b\000e\000r\000\040\000F\000u\000n\000c\000t\000i\000o\000n\000\040\000D\000o\000c\000u\000m\000e\000n\000t\000a\000t\000i\000o\000n}{section.4.4}% 45
\BOOKMARK [3][-]{subsubsection.4.4.3.1}{\376\377\000c\000r\000e\000a\000t\000e}{subsection.4.4.3}% 46
\BOOKMARK [3][-]{subsubsection.4.4.3.2}{\376\377\000g\000e\000t\000\137\000n\000\137\000h\000i\000d\000d\000e\000n\000\137\000l\000a\000y\000e\000r\000s}{subsection.4.4.3}% 47
\BOOKMARK [3][-]{subsubsection.4.4.3.3}{\376\377\000g\000e\000t\000\137\000o\000u\000t\000p\000u\000t}{subsection.4.4.3}% 48
\BOOKMARK [3][-]{subsubsection.4.4.3.4}{\376\377\000p\000r\000o\000p\000a\000g\000a\000t\000e}{subsection.4.4.3}% 49
\BOOKMARK [3][-]{subsubsection.4.4.3.5}{\376\377\000t\000r\000a\000i\000n}{subsection.4.4.3}% 50
\BOOKMARK [3][-]{subsubsection.4.4.3.6}{\376\377\000u\000p\000d\000a\000t\000e}{subsection.4.4.3}% 51
\BOOKMARK [1][-]{section.4.5}{\376\377\000d\000a\000t\000a\000f\000r\000a\000m\000e\000\040\000S\000t\000r\000u\000c\000t\000\040\000R\000e\000f\000e\000r\000e\000n\000c\000e}{chapter.4}% 52
\BOOKMARK [2][-]{subsection.4.5.1}{\376\377\000D\000e\000t\000a\000i\000l\000e\000d\000\040\000D\000e\000s\000c\000r\000i\000p\000t\000i\000o\000n}{section.4.5}% 53
\BOOKMARK [2][-]{subsection.4.5.2}{\376\377\000C\000o\000n\000s\000t\000r\000u\000c\000t\000o\000r\000\040\000\046\000\040\000D\000e\000s\000t\000r\000u\000c\000t\000o\000r\000\040\000D\000o\000c\000u\000m\000e\000n\000t\000a\000t\000i\000o\000n}{section.4.5}% 54
\BOOKMARK [3][-]{subsubsection.4.5.2.1}{\376\377\000d\000a\000t\000a\000f\000r\000a\000m\000e}{subsection.4.5.2}% 55
\BOOKMARK [3][-]{subsubsection.4.5.2.2}{\376\377\000d\000a\000t\000a\000f\000r\000a\000m\000e}{subsection.4.5.2}% 56
\BOOKMARK [2][-]{subsection.4.5.3}{\376\377\000M\000e\000m\000b\000e\000r\000\040\000F\000u\000n\000c\000t\000i\000o\000n\000\040\000D\000o\000c\000u\000m\000e\000n\000t\000a\000t\000i\000o\000n}{section.4.5}% 57
\BOOKMARK [3][-]{subsubsection.4.5.3.1}{\376\377\000d\000a\000t\000a\000\137\000i\000n\000f\000o}{subsection.4.5.3}% 58
\BOOKMARK [3][-]{subsubsection.4.5.3.2}{\376\377\000l\000o\000a\000d}{subsection.4.5.3}% 59
\BOOKMARK [2][-]{subsection.4.5.4}{\376\377\000M\000e\000m\000b\000e\000r\000\040\000D\000a\000t\000a\000\040\000D\000o\000c\000u\000m\000e\000n\000t\000a\000t\000i\000o\000n}{section.4.5}% 60
\BOOKMARK [3][-]{subsubsection.4.5.4.1}{\376\377\000a\000l\000l\000\137\000f\000e\000a\000t\000u\000r\000e}{subsection.4.5.4}% 61
\BOOKMARK [3][-]{subsubsection.4.5.4.2}{\376\377\000a\000l\000l\000\137\000l\000a\000b\000e\000l}{subsection.4.5.4}% 62
\BOOKMARK [1][-]{section.4.6}{\376\377\000l\000a\000y\000e\000r\000\040\000S\000t\000r\000u\000c\000t\000\040\000R\000e\000f\000e\000r\000e\000n\000c\000e}{chapter.4}% 63
\BOOKMARK [1][-]{section.4.7}{\376\377\000l\000a\000y\000e\000r\000\137\000s\000i\000g\000m\000o\000i\000d\000\040\000S\000t\000r\000u\000c\000t\000\040\000R\000e\000f\000e\000r\000e\000n\000c\000e}{chapter.4}% 64
\BOOKMARK [1][-]{section.4.8}{\376\377\000l\000a\000y\000e\000r\000\137\000s\000o\000f\000t\000m\000a\000x\000\040\000S\000t\000r\000u\000c\000t\000\040\000R\000e\000f\000e\000r\000e\000n\000c\000e}{chapter.4}% 65
\BOOKMARK [1][-]{section.4.9}{\376\377\000l\000a\000y\000e\000r\000\137\000t\000a\000n\000h\000\040\000S\000t\000r\000u\000c\000t\000\040\000R\000e\000f\000e\000r\000e\000n\000c\000e}{chapter.4}% 66
\BOOKMARK [1][-]{section.4.10}{\376\377\000n\000e\000u\000r\000o\000n\000\040\000S\000t\000r\000u\000c\000t\000\040\000R\000e\000f\000e\000r\000e\000n\000c\000e}{chapter.4}% 67
